TN:
SF:src/MinimalistDEX.sol
DA:21,7
FN:21,MLP.mint
FNDA:7,MLP.mint
DA:22,7
DA:25,1
FN:25,MLP.burn
FNDA:1,MLP.burn
DA:26,1
DA:66,16
FN:66,MinimalistDEX.constructor
FNDA:16,MinimalistDEX.constructor
DA:67,16
DA:70,2
FN:70,MinimalistDEX.getPoolKey
FNDA:2,MinimalistDEX.getPoolKey
DA:74,14
DA:75,14
DA:80,2
FN:80,MinimalistDEX.getLiquidityPool
FNDA:2,MinimalistDEX.getLiquidityPool
DA:88,2
DA:89,2
DA:90,2
DA:93,9
FN:93,MinimalistDEX.addLiquidity
FNDA:9,MinimalistDEX.addLiquidity
DA:99,9
BRDA:99,0,0,1
BRDA:99,0,1,8
DA:100,8
BRDA:100,1,0,1
BRDA:100,1,1,7
DA:102,7
DA:103,7
DA:105,7
DA:106,7
DA:108,7
BRDA:108,2,0,7
DA:109,7
DA:112,7
DA:113,7
DA:114,7
DA:115,7
DA:116,7
DA:117,7
DA:119,7
DA:129,5
FN:129,MinimalistDEX.removeLiquidity
FNDA:5,MinimalistDEX.removeLiquidity
DA:134,5
BRDA:134,3,0,2
BRDA:134,3,1,3
DA:135,3
DA:136,3
DA:137,3
BRDA:137,4,0,1
BRDA:137,4,1,2
DA:141,2
BRDA:141,5,0,1
BRDA:141,5,1,1
DA:147,1
DA:148,1
DA:149,1
DA:152,1
DA:153,1
DA:154,1
DA:155,1
DA:156,1
DA:158,1
DA:159,1
DA:161,1
DA:171,8
FN:171,MinimalistDEX.swap
FNDA:8,MinimalistDEX.swap
DA:176,8
BRDA:176,6,0,1
BRDA:176,6,1,7
DA:177,7
BRDA:177,7,0,1
BRDA:177,7,1,6
DA:179,6
DA:180,6
DA:181,6
BRDA:181,8,0,1
BRDA:181,8,1,5
DA:183,5
DA:184,5
DA:186,5
DA:189,5
BRDA:189,9,0,1
BRDA:189,9,1,4
DA:194,4
DA:195,4
DA:197,4
FNF:8
FNH:8
LF:59
LH:59
BRF:19
BRH:19
end_of_record
TN:
SF:src/MockToken.sol
DA:9,68
FN:9,MockToken.constructor
FNDA:68,MockToken.constructor
DA:15,68
DA:16,68
DA:19,13
FN:19,MockToken.decimals
FNDA:13,MockToken.decimals
DA:20,13
FNF:2
FNH:2
LF:5
LH:5
BRF:0
BRH:0
end_of_record
TN:
SF:src/PriceOracle.sol
DA:13,68
FN:13,PriceOracle.setPrice
FNDA:68,PriceOracle.setPrice
DA:14,67
BRDA:14,0,0,1
BRDA:14,0,1,66
DA:15,66
DA:16,66
DA:19,18
FN:19,PriceOracle.getPrice
FNDA:18,PriceOracle.getPrice
DA:20,18
FNF:2
FNH:2
LF:6
LH:6
BRF:2
BRH:2
end_of_record
